Using pre-set license
Built from '2020.3/staging' branch; Version is '2020.3.32f1 (12f8b0834f07) revision 1243312'; Using compiler version '192528614'; Build Type 'Release'
OS: 'Windows 10  (10.0.19043) 64bit Core' Language: 'en' Physical Memory: 8100 MB
BatchMode: 1, IsHumanControllingUs: 0, StartBugReporterOnCrash: 0, Is64bit: 1, IsPro: 0

COMMAND LINE ARGUMENTS:
C:\Program Files\Unity\Hub\Editor\2020.3.32f1\Editor\Unity.exe
-adb2
-batchMode
-noUpm
-name
AssetImportWorker0
-projectPath
F:/3656/spring22-project-AldousCYJeon/3656 Project
-logFile
Logs/AssetImportWorker0.log
-srvPort
58256
Successfully changed project path to: F:/3656/spring22-project-AldousCYJeon/3656 Project
F:/3656/spring22-project-AldousCYJeon/3656 Project
Using Asset Import Pipeline V2.
Refreshing native plugins compatible for Editor in 70.98 ms, found 3 plugins.
Preloading 0 native plugins for Editor in 0.00 ms.
Initialize engine version: 2020.3.32f1 (12f8b0834f07)
[Subsystems] Discovering subsystems at path C:/Program Files/Unity/Hub/Editor/2020.3.32f1/Editor/Data/Resources/UnitySubsystems
[Subsystems] Discovering subsystems at path F:/3656/spring22-project-AldousCYJeon/3656 Project/Assets
GfxDevice: creating device client; threaded=0
Direct3D:
    Version:  Direct3D 11.0 [level 11.1]
    Renderer: NVIDIA GeForce GT 1030 (ID=0x1d01)
    Vendor:   
    VRAM:     4025 MB
    Driver:   27.21.14.6172
Initialize mono
Mono path[0] = 'C:/Program Files/Unity/Hub/Editor/2020.3.32f1/Editor/Data/Managed'
Mono path[1] = 'C:/Program Files/Unity/Hub/Editor/2020.3.32f1/Editor/Data/MonoBleedingEdge/lib/mono/unityjit'
Mono config path = 'C:/Program Files/Unity/Hub/Editor/2020.3.32f1/Editor/Data/MonoBleedingEdge/etc'
Using monoOptions --debugger-agent=transport=dt_socket,embedding=1,server=y,suspend=n,address=127.0.0.1:56380
Begin MonoManager ReloadAssembly
Registering precompiled unity dll's ...
Register platform support module: C:/Program Files/Unity/Hub/Editor/2020.3.32f1/Editor/Data/PlaybackEngines/WindowsStandaloneSupport/UnityEditor.WindowsStandalone.Extensions.dll
Registered in 0.005870 seconds.
Native extension for WindowsStandalone target not found
Refreshing native plugins compatible for Editor in 45.61 ms, found 3 plugins.
Preloading 0 native plugins for Editor in 0.00 ms.
Mono: successfully reloaded assembly
- Completed reload, in  0.630 seconds
Domain Reload Profiling:
	ReloadAssembly (633ms)
		BeginReloadAssembly (128ms)
			ExecutionOrderSort (0ms)
			DisableScriptedObjects (0ms)
			BackupInstance (0ms)
			ReleaseScriptingObjects (0ms)
			CreateAndSetChildDomain (1ms)
		EndReloadAssembly (424ms)
			LoadAssemblies (123ms)
			RebuildTransferFunctionScriptingTraits (0ms)
			SetupTypeCache (137ms)
			ReleaseScriptCaches (0ms)
			RebuildScriptCaches (26ms)
			SetupLoadedEditorAssemblies (161ms)
				LogAssemblyErrors (0ms)
				InitializePlatformSupportModulesInManaged (6ms)
				SetLoadedEditorAssemblies (0ms)
				RefreshPlugins (49ms)
				BeforeProcessingInitializeOnLoad (11ms)
				ProcessInitializeOnLoadAttributes (71ms)
				ProcessInitializeOnLoadMethodAttributes (24ms)
				AfterProcessingInitializeOnLoad (0ms)
				EditorAssembliesLoaded (0ms)
			ExecutionOrderSort2 (0ms)
			AwakeInstancesAfterBackupRestoration (0ms)
Platform modules already initialized, skipping
Registering precompiled user dll's ...
Registered in 0.038734 seconds.
Begin MonoManager ReloadAssembly
Native extension for WindowsStandalone target not found
Refreshing native plugins compatible for Editor in 45.65 ms, found 3 plugins.
Preloading 0 native plugins for Editor in 0.00 ms.
Mono: successfully reloaded assembly
- Completed reload, in  1.305 seconds
Domain Reload Profiling:
	ReloadAssembly (1306ms)
		BeginReloadAssembly (138ms)
			ExecutionOrderSort (0ms)
			DisableScriptedObjects (4ms)
			BackupInstance (0ms)
			ReleaseScriptingObjects (0ms)
			CreateAndSetChildDomain (18ms)
		EndReloadAssembly (1107ms)
			LoadAssemblies (306ms)
			RebuildTransferFunctionScriptingTraits (0ms)
			SetupTypeCache (285ms)
			ReleaseScriptCaches (1ms)
			RebuildScriptCaches (43ms)
			SetupLoadedEditorAssemblies (362ms)
				LogAssemblyErrors (0ms)
				InitializePlatformSupportModulesInManaged (3ms)
				SetLoadedEditorAssemblies (0ms)
				RefreshPlugins (46ms)
				BeforeProcessingInitializeOnLoad (70ms)
				ProcessInitializeOnLoadAttributes (216ms)
				ProcessInitializeOnLoadMethodAttributes (17ms)
				AfterProcessingInitializeOnLoad (9ms)
				EditorAssembliesLoaded (0ms)
			ExecutionOrderSort2 (0ms)
			AwakeInstancesAfterBackupRestoration (5ms)
Platform modules already initialized, skipping
========================================================================
Worker process is ready to serve import requests
Launched and connected shader compiler UnityShaderCompiler.exe after 0.04 seconds
Refreshing native plugins compatible for Editor in 0.55 ms, found 3 plugins.
Preloading 0 native plugins for Editor in 0.00 ms.
Unloading 2452 Unused Serialized files (Serialized files now loaded: 0)
System memory in use before: 108.5 MB.
System memory in use after: 108.6 MB.

Unloading 33 unused Assets to reduce memory usage. Loaded Objects now: 2889.
Total: 3.689700 ms (FindLiveObjects: 0.244400 ms CreateObjectMapping: 0.069900 ms MarkObjects: 3.203400 ms  DeleteObjects: 0.169900 ms)

AssetImportParameters requested are different than current active one (requested -> active):
  custom:framework-win-MediaFoundation: 216162199b28c13a410421893ffa2e32 -> 
  custom:video-decoder-ogg-theora: a1e56fd34408186e4bbccfd4996cb3dc -> 
  custom:container-muxer-webm: aa71ff27fc2769a1b78a27578f13a17b -> 
  custom:container-demuxer-webm: 4f35f7cbe854078d1ac9338744f61a02 -> 
  custom:container-demuxer-ogg: 62fdf1f143b41e24485cea50d1cbac27 -> 
  custom:video-encoder-webm-vp8: eb34c28f22e8b96e1ab97ce403110664 -> 
  custom:video-decoder-webm-vp8: 9c59270c3fd7afecdb556c50c9e8de78 -> 
  custom:audio-decoder-ogg-vorbis: bf7c407c2cedff20999df2af8eb42d56 -> 
  custom:audio-encoder-webm-vorbis: bf7c407c2cedff20999df2af8eb42d56 -> 
========================================================================
Received Import Request.
  path: Assets/_Project
  artifactKey: Guid(d1969a480901c24438e1737080f44fd8) Importer(815301076,1909f56bfc062723c751e8b465ee728b)
Start importing Assets/_Project using Guid(d1969a480901c24438e1737080f44fd8) Importer(815301076,1909f56bfc062723c751e8b465ee728b)  -> (artifact id: '9fc8ca49188c86aa00ddb939b1c9ab6d') in 0.012799 seconds 
========================================================================
Received Import Request.
  Time since last request: 0.487374 seconds.
  path: Assets/_Project/Models
  artifactKey: Guid(d1032c7b91091f14aac9ac0e27c3c282) Importer(815301076,1909f56bfc062723c751e8b465ee728b)
Start importing Assets/_Project/Models using Guid(d1032c7b91091f14aac9ac0e27c3c282) Importer(815301076,1909f56bfc062723c751e8b465ee728b)  -> (artifact id: 'b4c28b100b64cbd1cce5246754b18a21') in 0.008349 seconds 
========================================================================
Received Import Request.
  Time since last request: 16.626614 seconds.
  path: Assets/_Project/Models/SpaxRigAttempt2.fbx
  artifactKey: Guid(39bd4b514f41679438ab54c35cd43966) Importer(815301076,1909f56bfc062723c751e8b465ee728b)
Start importing Assets/_Project/Models/SpaxRigAttempt2.fbx using Guid(39bd4b514f41679438ab54c35cd43966) Importer(815301076,1909f56bfc062723c751e8b465ee728b)  -> (artifact id: '0ca508f1618f1bc6de9c58cca097fa00') in 0.199001 seconds 
========================================================================
Received Import Request.
  Time since last request: 23.206693 seconds.
  path: Assets/_Project/Models/SpaxRigAttempt2.fbx
  artifactKey: Guid(39bd4b514f41679438ab54c35cd43966) Importer(815301076,1909f56bfc062723c751e8b465ee728b)
Start importing Assets/_Project/Models/SpaxRigAttempt2.fbx using Guid(39bd4b514f41679438ab54c35cd43966) Importer(815301076,1909f56bfc062723c751e8b465ee728b)  -> (artifact id: '395a7d26f9d07743c1b110edbb3103de') in 0.095065 seconds 
========================================================================
Received Import Request.
  Time since last request: 98.930149 seconds.
  path: Assets/_Project/Models/SpaxTex.png
  artifactKey: Guid(8f4ba70176adc9c44ad80b98764284c9) Importer(815301076,1909f56bfc062723c751e8b465ee728b)
Start importing Assets/_Project/Models/SpaxTex.png using Guid(8f4ba70176adc9c44ad80b98764284c9) Importer(815301076,1909f56bfc062723c751e8b465ee728b)  -> (artifact id: '36f2df4ed3cc70906eb205726ab9ca4b') in 0.054053 seconds 
========================================================================
Received Import Request.
  Time since last request: 32.892421 seconds.
  path: Assets/_Project/InputMaps/PlayerControls.inputactions
  artifactKey: Guid(8e6cf854bd2c9e249b4168769366d682) Importer(815301076,1909f56bfc062723c751e8b465ee728b)
Start importing Assets/_Project/InputMaps/PlayerControls.inputactions using Guid(8e6cf854bd2c9e249b4168769366d682) Importer(815301076,1909f56bfc062723c751e8b465ee728b)  -> (artifact id: '50bdced302aa336f435e7a04897822a3') in 0.020084 seconds 
========================================================================
Received Import Request.
  Time since last request: 49.132132 seconds.
  path: Assets/_Project/Models/EYES.mat
  artifactKey: Guid(5ae6e3ef3d77f78438cdbfef6d96f4d5) Importer(815301076,1909f56bfc062723c751e8b465ee728b)
Start importing Assets/_Project/Models/EYES.mat using Guid(5ae6e3ef3d77f78438cdbfef6d96f4d5) Importer(815301076,1909f56bfc062723c751e8b465ee728b)  -> (artifact id: 'd3f0c4ff5be314666f3f073ac35e7b3f') in 0.029884 seconds 
========================================================================
Received Import Request.
  Time since last request: 0.000277 seconds.
  path: Assets/_Project/Models/Fez.mat
  artifactKey: Guid(03e2731c181fbeb41b1cbb4c4cc0343f) Importer(815301076,1909f56bfc062723c751e8b465ee728b)
Start importing Assets/_Project/Models/Fez.mat using Guid(03e2731c181fbeb41b1cbb4c4cc0343f) Importer(815301076,1909f56bfc062723c751e8b465ee728b)  -> (artifact id: '42307d2bf6a57ec7bcc573d29dbfb16a') in 0.038710 seconds 
========================================================================
Received Import Request.
  Time since last request: 3.643996 seconds.
  path: Assets/_Project/Models/Untitled.png
  artifactKey: Guid(f90627c263e4f324f9766aa79fe4f938) Importer(815301076,1909f56bfc062723c751e8b465ee728b)
Start importing Assets/_Project/Models/Untitled.png using Guid(f90627c263e4f324f9766aa79fe4f938) Importer(815301076,1909f56bfc062723c751e8b465ee728b)  -> (artifact id: '94a8cabc6fc3b21ff9f3cf9d72087f58') in 0.031957 seconds 
========================================================================
Received Import Request.
  Time since last request: 47.850330 seconds.
  path: Assets/_Project/Models/UnityURPToonLitShaderExample-master
  artifactKey: Guid(0b2e36814ccaf5b418f8ef7502d7f0f8) Importer(815301076,1909f56bfc062723c751e8b465ee728b)
Start importing Assets/_Project/Models/UnityURPToonLitShaderExample-master using Guid(0b2e36814ccaf5b418f8ef7502d7f0f8) Importer(815301076,1909f56bfc062723c751e8b465ee728b)  -> (artifact id: 'c30678086680d70846bacd8c360ae6fe') in 0.010461 seconds 
========================================================================
Received Import Request.
  Time since last request: 19.102598 seconds.
  path: Assets/Plugins/BezierSolution/Demo/OctopusArm.png
  artifactKey: Guid(cd20479f79180f440ad81177db5e0b12) Importer(815301076,1909f56bfc062723c751e8b465ee728b)
Start importing Assets/Plugins/BezierSolution/Demo/OctopusArm.png using Guid(cd20479f79180f440ad81177db5e0b12) Importer(815301076,1909f56bfc062723c751e8b465ee728b)  -> (artifact id: '32964bcf573d2895ef2a188dbe7fc055') in 0.040067 seconds 
========================================================================
Received Import Request.
  Time since last request: 33.719251 seconds.
  path: Assets/_Project/Models/UnityURPToonLitShaderExample-master/UnityURPToonLitShaderExample-master
  artifactKey: Guid(5517cfa3607d7034195a3f7d0863c7c9) Importer(815301076,1909f56bfc062723c751e8b465ee728b)
Start importing Assets/_Project/Models/UnityURPToonLitShaderExample-master/UnityURPToonLitShaderExample-master using Guid(5517cfa3607d7034195a3f7d0863c7c9) Importer(815301076,1909f56bfc062723c751e8b465ee728b)  -> (artifact id: 'f50ee133ef563d96d32e78ff5eeb7dfc') in 0.010611 seconds 
========================================================================
Received Prepare
Registering precompiled user dll's ...
Registered in 0.030491 seconds.
Begin MonoManager ReloadAssembly
Native extension for WindowsStandalone target not found
Refreshing native plugins compatible for Editor in 187.10 ms, found 3 plugins.
Preloading 0 native plugins for Editor in 0.00 ms.
Mono: successfully reloaded assembly
- Completed reload, in  1.515 seconds
Domain Reload Profiling:
	ReloadAssembly (1516ms)
		BeginReloadAssembly (144ms)
			ExecutionOrderSort (0ms)
			DisableScriptedObjects (5ms)
			BackupInstance (0ms)
			ReleaseScriptingObjects (0ms)
			CreateAndSetChildDomain (51ms)
		EndReloadAssembly (1303ms)
			LoadAssemblies (115ms)
			RebuildTransferFunctionScriptingTraits (0ms)
			SetupTypeCache (458ms)
			ReleaseScriptCaches (1ms)
			RebuildScriptCaches (58ms)
			SetupLoadedEditorAssemblies (483ms)
				LogAssemblyErrors (0ms)
				InitializePlatformSupportModulesInManaged (4ms)
				SetLoadedEditorAssemblies (0ms)
				RefreshPlugins (190ms)
				BeforeProcessingInitializeOnLoad (70ms)
				ProcessInitializeOnLoadAttributes (196ms)
				ProcessInitializeOnLoadMethodAttributes (12ms)
				AfterProcessingInitializeOnLoad (10ms)
				EditorAssembliesLoaded (0ms)
			ExecutionOrderSort2 (0ms)
			AwakeInstancesAfterBackupRestoration (10ms)
Platform modules already initialized, skipping
Shader 'Universal Render Pipeline/Nature/SpeedTree7': dependency 'BillboardShader' shader 'Universal Render Pipeline/Nature/SpeedTree7 Billboard' not found
Shader 'Universal Render Pipeline/Baked Lit': fallback shader 'Universal Render Pipeline/Unlit' not found
Shader 'Universal Render Pipeline/Simple Lit': fallback shader 'Hidden/Universal Render Pipeline/FallbackError' not found
Shader 'Universal Render Pipeline/Terrain/Lit': fallback shader 'Hidden/Universal Render Pipeline/FallbackError' not found
Shader 'Universal Render Pipeline/Terrain/Lit': dependency 'AddPassShader' shader 'Hidden/Universal Render Pipeline/Terrain/Lit (Add Pass)' not found
Shader 'Universal Render Pipeline/Terrain/Lit': dependency 'BaseMapShader' shader 'Hidden/Universal Render Pipeline/Terrain/Lit (Base Pass)' not found
Shader 'Universal Render Pipeline/Terrain/Lit': dependency 'BaseMapGenShader' shader 'Hidden/Universal Render Pipeline/Terrain/Lit (Basemap Gen)' not found
Shader 'Hidden/Universal Render Pipeline/Terrain/Lit (Add Pass)': fallback shader 'Hidden/Universal Render Pipeline/FallbackError' not found
Shader 'Hidden/Universal Render Pipeline/Terrain/Lit (Base Pass)': fallback shader 'Hidden/Universal Render Pipeline/FallbackError' not found
Shader 'SimpleURPToonLitExample(With Outline)': fallback shader 'Hidden/Universal Render Pipeline/FallbackError' not found
Refreshing native plugins compatible for Editor in 0.77 ms, found 3 plugins.
Preloading 0 native plugins for Editor in 0.00 ms.
Unloading 3545 Unused Serialized files (Serialized files now loaded: 0)
System memory in use before: 153.4 MB.
System memory in use after: 148.8 MB.

Unloading 78 unused Assets to reduce memory usage. Loaded Objects now: 3979.
Total: 5.278200 ms (FindLiveObjects: 0.295200 ms CreateObjectMapping: 0.099800 ms MarkObjects: 3.081900 ms  DeleteObjects: 1.800400 ms)

AssetImportParameters requested are different than current active one (requested -> active):
  custom:framework-win-MediaFoundation: 216162199b28c13a410421893ffa2e32 -> 
  custom:video-decoder-ogg-theora: a1e56fd34408186e4bbccfd4996cb3dc -> 
  custom:container-muxer-webm: aa71ff27fc2769a1b78a27578f13a17b -> 
  custom:container-demuxer-webm: 4f35f7cbe854078d1ac9338744f61a02 -> 
  custom:container-demuxer-ogg: 62fdf1f143b41e24485cea50d1cbac27 -> 
  custom:video-encoder-webm-vp8: eb34c28f22e8b96e1ab97ce403110664 -> 
  custom:video-decoder-webm-vp8: 9c59270c3fd7afecdb556c50c9e8de78 -> 
  custom:audio-decoder-ogg-vorbis: bf7c407c2cedff20999df2af8eb42d56 -> 
  custom:audio-encoder-webm-vorbis: bf7c407c2cedff20999df2af8eb42d56 -> 
========================================================================
Received Import Request.
  Time since last request: 125.983474 seconds.
  path: Assets/_Project/Models/EYES.mat
  artifactKey: Guid(5ae6e3ef3d77f78438cdbfef6d96f4d5) Importer(815301076,1909f56bfc062723c751e8b465ee728b)
Start importing Assets/_Project/Models/EYES.mat using Guid(5ae6e3ef3d77f78438cdbfef6d96f4d5) Importer(815301076,1909f56bfc062723c751e8b465ee728b)  -> (artifact id: '3b4151ae38616c8d0cb44bea980a040d') in 0.066643 seconds 
========================================================================
Received Import Request.
  Time since last request: 0.000217 seconds.
  path: Assets/_Project/Models/Fez.mat
  artifactKey: Guid(03e2731c181fbeb41b1cbb4c4cc0343f) Importer(815301076,1909f56bfc062723c751e8b465ee728b)
Start importing Assets/_Project/Models/Fez.mat using Guid(03e2731c181fbeb41b1cbb4c4cc0343f) Importer(815301076,1909f56bfc062723c751e8b465ee728b)  -> (artifact id: '69dd90940140aca999cf3aa906004e53') in 0.032301 seconds 
========================================================================
Received Import Request.
  Time since last request: 0.000212 seconds.
  path: Assets/_Project/Models/SpaxRigAttempt2.fbx
  artifactKey: Guid(39bd4b514f41679438ab54c35cd43966) Importer(815301076,1909f56bfc062723c751e8b465ee728b)
Start importing Assets/_Project/Models/SpaxRigAttempt2.fbx using Guid(39bd4b514f41679438ab54c35cd43966) Importer(815301076,1909f56bfc062723c751e8b465ee728b)  -> (artifact id: 'e6ede9c64bfd3dc50cafb82897e3e5bb') in 0.086392 seconds 
========================================================================
Received Import Request.
  Time since last request: 49.375672 seconds.
  path: Assets/_Project/UniversalRenderPipelineAsset.asset
  artifactKey: Guid(33a071866a1938e4dae105a044dd01f5) Importer(815301076,1909f56bfc062723c751e8b465ee728b)
Start importing Assets/_Project/UniversalRenderPipelineAsset.asset using Guid(33a071866a1938e4dae105a044dd01f5) Importer(815301076,1909f56bfc062723c751e8b465ee728b)  -> (artifact id: '20ba610e0859be364dfa3cd78cc8fa54') in 0.055745 seconds 
========================================================================
Received Import Request.
  Time since last request: 0.000229 seconds.
  path: Assets/_Project/UniversalRenderPipelineAsset_Renderer.asset
  artifactKey: Guid(d55ab8c662e8eeb418b36ba56255e13b) Importer(815301076,1909f56bfc062723c751e8b465ee728b)
Start importing Assets/_Project/UniversalRenderPipelineAsset_Renderer.asset using Guid(d55ab8c662e8eeb418b36ba56255e13b) Importer(815301076,1909f56bfc062723c751e8b465ee728b)  -> (artifact id: 'cab946df367908542a18b10e41917fdb') in 0.037237 seconds 
========================================================================
Received Prepare
Refreshing native plugins compatible for Editor in 4.39 ms, found 3 plugins.
Preloading 0 native plugins for Editor in 0.00 ms.
Unloading 124 Unused Serialized files (Serialized files now loaded: 0)
System memory in use before: 89.4 MB.
System memory in use after: 86.5 MB.

Unloading 54 unused Assets to reduce memory usage. Loaded Objects now: 4050.
Total: 5.574500 ms (FindLiveObjects: 0.427600 ms CreateObjectMapping: 0.096600 ms MarkObjects: 3.525600 ms  DeleteObjects: 1.523900 ms)

AssetImportParameters requested are different than current active one (requested -> active):
  custom:framework-win-MediaFoundation: 216162199b28c13a410421893ffa2e32 -> 
  custom:video-decoder-ogg-theora: a1e56fd34408186e4bbccfd4996cb3dc -> 
  custom:container-muxer-webm: aa71ff27fc2769a1b78a27578f13a17b -> 
  custom:container-demuxer-webm: 4f35f7cbe854078d1ac9338744f61a02 -> 
  custom:container-demuxer-ogg: 62fdf1f143b41e24485cea50d1cbac27 -> 
  custom:video-encoder-webm-vp8: eb34c28f22e8b96e1ab97ce403110664 -> 
  custom:video-decoder-webm-vp8: 9c59270c3fd7afecdb556c50c9e8de78 -> 
  custom:audio-decoder-ogg-vorbis: bf7c407c2cedff20999df2af8eb42d56 -> 
  custom:audio-encoder-webm-vorbis: bf7c407c2cedff20999df2af8eb42d56 -> 
AssetImportWorkerClient::OnTransportError - code=2 error=End of file
